false
goos: darwin
goarch: arm64
pkg: uk.ac.bris.cs/gameoflife
BenchmarkGol/64x64x1000-1-8         	       1	 117720750 ns/op
BenchmarkGol/64x64x1000-1-8         	       1	 120797416 ns/op
BenchmarkGol/64x64x1000-1-8         	       1	 131926042 ns/op
BenchmarkGol/64x64x1000-1-8         	       1	 130664000 ns/op
BenchmarkGol/64x64x1000-1-8         	       1	 123809917 ns/op
BenchmarkGol/64x64x1000-2-8         	       1	 321086417 ns/op
BenchmarkGol/64x64x1000-2-8         	       1	 208178791 ns/op
BenchmarkGol/64x64x1000-2-8         	       1	 183481291 ns/op
BenchmarkGol/64x64x1000-2-8         	       1	 126686833 ns/op
BenchmarkGol/64x64x1000-2-8         	       1	 117318167 ns/op
BenchmarkGol/64x64x1000-3-8         	       1	 134365083 ns/op
BenchmarkGol/64x64x1000-3-8         	       1	 131542041 ns/op
BenchmarkGol/64x64x1000-3-8         	       1	 133951250 ns/op
BenchmarkGol/64x64x1000-3-8         	       1	 131200375 ns/op
BenchmarkGol/64x64x1000-3-8         	       1	 130646916 ns/op
BenchmarkGol/64x64x1000-4-8         	       1	 120716875 ns/op
BenchmarkGol/64x64x1000-4-8         	       1	 119088834 ns/op
BenchmarkGol/64x64x1000-4-8         	       1	 119239084 ns/op
BenchmarkGol/64x64x1000-4-8         	       1	 119896791 ns/op
BenchmarkGol/64x64x1000-4-8         	       1	 129704792 ns/op
BenchmarkGol/64x64x1000-5-8         	       1	 132692458 ns/op
BenchmarkGol/64x64x1000-5-8         	       1	 126463292 ns/op
BenchmarkGol/64x64x1000-5-8         	       1	 131137292 ns/op
BenchmarkGol/64x64x1000-5-8         	       1	 127069625 ns/op
BenchmarkGol/64x64x1000-5-8         	       1	 127087375 ns/op
BenchmarkGol/64x64x1000-6-8         	       1	 120841167 ns/op
BenchmarkGol/64x64x1000-6-8         	       1	 120642375 ns/op
BenchmarkGol/64x64x1000-6-8         	       1	 121379375 ns/op
BenchmarkGol/64x64x1000-6-8         	       1	 120854292 ns/op
BenchmarkGol/64x64x1000-6-8         	       1	 120450666 ns/op
BenchmarkGol/64x64x1000-7-8         	       1	 130994584 ns/op
BenchmarkGol/64x64x1000-7-8         	       1	 126823750 ns/op
BenchmarkGol/64x64x1000-7-8         	       1	 124197417 ns/op
BenchmarkGol/64x64x1000-7-8         	       1	 124350708 ns/op
BenchmarkGol/64x64x1000-7-8         	       1	 124998500 ns/op
BenchmarkGol/64x64x1000-8-8         	       1	 122694792 ns/op
BenchmarkGol/64x64x1000-8-8         	       1	 121277292 ns/op
BenchmarkGol/64x64x1000-8-8         	       1	 123633209 ns/op
BenchmarkGol/64x64x1000-8-8         	       1	 107173458 ns/op
BenchmarkGol/64x64x1000-8-8         	       1	 122091792 ns/op
BenchmarkGol/64x64x1000-9-8         	       1	 127377834 ns/op
BenchmarkGol/64x64x1000-9-8         	       1	 128666792 ns/op
BenchmarkGol/64x64x1000-9-8         	       1	 124417875 ns/op
BenchmarkGol/64x64x1000-9-8         	       1	 125177125 ns/op
BenchmarkGol/64x64x1000-9-8         	       1	 124182125 ns/op
BenchmarkGol/64x64x1000-10-8        	       1	 124396625 ns/op
BenchmarkGol/64x64x1000-10-8        	       1	 123208541 ns/op
BenchmarkGol/64x64x1000-10-8        	       1	 126370208 ns/op
BenchmarkGol/64x64x1000-10-8        	       1	 123802125 ns/op
BenchmarkGol/64x64x1000-10-8        	       1	 122254750 ns/op
BenchmarkGol/64x64x1000-11-8        	       1	 126129458 ns/op
BenchmarkGol/64x64x1000-11-8        	       1	 123077625 ns/op
BenchmarkGol/64x64x1000-11-8        	       1	 125374792 ns/op
BenchmarkGol/64x64x1000-11-8        	       1	 124319167 ns/op
BenchmarkGol/64x64x1000-11-8        	       1	 122241292 ns/op
BenchmarkGol/64x64x1000-12-8        	       1	 126266500 ns/op
BenchmarkGol/64x64x1000-12-8        	       1	 123981625 ns/op
BenchmarkGol/64x64x1000-12-8        	       1	 123822292 ns/op
BenchmarkGol/64x64x1000-12-8        	       1	 127250208 ns/op
BenchmarkGol/64x64x1000-12-8        	       1	 124375458 ns/op
BenchmarkGol/64x64x1000-13-8        	       1	 127525958 ns/op
BenchmarkGol/64x64x1000-13-8        	       1	 124880333 ns/op
BenchmarkGol/64x64x1000-13-8        	       1	 130167416 ns/op
BenchmarkGol/64x64x1000-13-8        	       1	 124584042 ns/op
BenchmarkGol/64x64x1000-13-8        	       1	 124515625 ns/op
BenchmarkGol/64x64x1000-14-8        	       1	 128589291 ns/op
BenchmarkGol/64x64x1000-14-8        	       1	 126969958 ns/op
BenchmarkGol/64x64x1000-14-8        	       1	 127310375 ns/op
BenchmarkGol/64x64x1000-14-8        	       1	 124162875 ns/op
BenchmarkGol/64x64x1000-14-8        	       1	 127986958 ns/op
BenchmarkGol/64x64x1000-15-8        	       1	 126101250 ns/op
BenchmarkGol/64x64x1000-15-8        	       1	 125547500 ns/op
BenchmarkGol/64x64x1000-15-8        	       1	 130148250 ns/op
BenchmarkGol/64x64x1000-15-8        	       1	 127099542 ns/op
BenchmarkGol/64x64x1000-15-8        	       1	 129109292 ns/op
BenchmarkGol/64x64x1000-16-8        	       1	 131843667 ns/op
BenchmarkGol/64x64x1000-16-8        	       1	 126035625 ns/op
BenchmarkGol/64x64x1000-16-8        	       1	 127590416 ns/op
BenchmarkGol/64x64x1000-16-8        	       1	 124238583 ns/op
BenchmarkGol/64x64x1000-16-8        	       1	 125765833 ns/op
ok  	uk.ac.bris.cs/gameoflife	21.370s
